[32m2025-11-20 21:25:30.001 INFO (MainThread) [homeassistant.setup] Setting up system_log[0m
[33m2025-11-20 21:25:30.007 WARNING (MainThread) [aiohttp_fast_zlib] zlib_ng and isal are not available, falling back to zlib, performance will be degraded.[0m
[32m2025-11-20 21:25:30.064 INFO (MainThread) [homeassistant.setup] Setup of domain http took 0.08 seconds[0m
[32m2025-11-20 21:25:30.065 INFO (MainThread) [homeassistant.setup] Setup of domain logger took 0.07 seconds[0m
[32m2025-11-20 21:25:30.065 INFO (MainThread) [homeassistant.setup] Setup of domain system_log took 0.06 seconds[0m
[32m2025-11-20 21:25:30.066 INFO (MainThread) [homeassistant.setup] Setting up websocket_api[0m
[32m2025-11-20 21:25:30.067 INFO (MainThread) [homeassistant.setup] Setup of domain websocket_api took 0.00 seconds[0m
[32m2025-11-20 21:25:30.068 INFO (MainThread) [homeassistant.setup] Setting up network[0m
[32m2025-11-20 21:25:30.069 INFO (MainThread) [homeassistant.setup] Setup of domain network took 0.00 seconds[0m
[32m2025-11-20 21:25:30.070 INFO (MainThread) [homeassistant.bootstrap] Setting up stage frontend: {'frontend'}; already set up: {}
Dependencies: {'file_upload', 'repairs', 'onboarding', 'search', 'auth', 'lovelace', 'config', 'device_automation', 'api', 'diagnostics'}; already set up: {'websocket_api', 'system_log', 'http'}[0m
[32m2025-11-20 21:25:30.071 INFO (MainThread) [homeassistant.setup] Setting up file_upload[0m
[32m2025-11-20 21:25:30.071 INFO (MainThread) [homeassistant.setup] Setup of domain file_upload took 0.00 seconds[0m
[32m2025-11-20 21:25:30.072 INFO (MainThread) [homeassistant.setup] Setting up repairs[0m
[32m2025-11-20 21:25:30.073 INFO (MainThread) [homeassistant.setup] Setup of domain repairs took 0.00 seconds[0m
[32m2025-11-20 21:25:30.074 INFO (MainThread) [homeassistant.setup] Setting up auth[0m
[32m2025-11-20 21:25:30.075 INFO (MainThread) [homeassistant.setup] Setup of domain auth took 0.00 seconds[0m
[32m2025-11-20 21:25:30.076 INFO (MainThread) [homeassistant.setup] Setting up onboarding[0m
[32m2025-11-20 21:25:30.077 INFO (MainThread) [homeassistant.setup] Setup of domain onboarding took 0.00 seconds[0m
[32m2025-11-20 21:25:30.078 INFO (MainThread) [homeassistant.setup] Setting up search[0m
[32m2025-11-20 21:25:30.078 INFO (MainThread) [homeassistant.setup] Setup of domain search took 0.00 seconds[0m
[32m2025-11-20 21:25:30.079 INFO (MainThread) [homeassistant.setup] Setting up api[0m
[32m2025-11-20 21:25:30.081 INFO (MainThread) [homeassistant.setup] Setup of domain api took 0.00 seconds[0m
[32m2025-11-20 21:25:30.082 INFO (MainThread) [homeassistant.setup] Setting up config[0m
[32m2025-11-20 21:25:30.084 INFO (MainThread) [homeassistant.setup] Setup of domain config took 0.00 seconds[0m
[32m2025-11-20 21:25:30.085 INFO (MainThread) [homeassistant.setup] Setting up device_automation[0m
[32m2025-11-20 21:25:30.086 INFO (MainThread) [homeassistant.setup] Setup of domain device_automation took 0.00 seconds[0m
[32m2025-11-20 21:25:30.088 INFO (MainThread) [homeassistant.setup] Setting up diagnostics[0m
[32m2025-11-20 21:25:30.090 INFO (MainThread) [homeassistant.setup] Setup of domain diagnostics took 0.00 seconds[0m
[32m2025-11-20 21:25:30.093 INFO (MainThread) [homeassistant.setup] Setting up lovelace[0m
[32m2025-11-20 21:25:30.095 INFO (MainThread) [homeassistant.setup] Setup of domain lovelace took 0.00 seconds[0m
[32m2025-11-20 21:25:30.096 INFO (MainThread) [homeassistant.setup] Setting up frontend[0m
[32m2025-11-20 21:25:30.101 INFO (MainThread) [homeassistant.setup] Setup of domain frontend took 0.01 seconds[0m
[32m2025-11-20 21:25:30.104 INFO (MainThread) [homeassistant.bootstrap] Setting up stage recorder: {'recorder'}; already set up: {}
Dependencies: {}; already set up: {}[0m
[32m2025-11-20 21:25:30.105 INFO (MainThread) [homeassistant.setup] Setting up recorder[0m
[32m2025-11-20 21:25:30.108 INFO (MainThread) [asyncio] <Server sockets=(<asyncio.TransportSocket fd=12, family=2, type=1, proto=6, laddr=('0.0.0.0', 8123)>, <asyncio.TransportSocket fd=13, family=10, type=1, proto=6, laddr=('::', 8123, 0, 0)>)> is serving[0m
[32m2025-11-20 21:25:30.109 INFO (MainThread) [homeassistant.components.http] Now listening on port 8123[0m
[32m2025-11-20 21:25:30.110 INFO (MainThread) [homeassistant.setup] Setup of domain http took 0.01 seconds[0m
[32m2025-11-20 21:25:30.140 INFO (MainThread) [homeassistant.setup] Setup of domain recorder took 0.03 seconds[0m
[32m2025-11-20 21:25:30.140 INFO (MainThread) [homeassistant.bootstrap] Nothing to set up in stage debugger: {'debugpy'}[0m
[32m2025-11-20 21:25:30.140 INFO (MainThread) [homeassistant.bootstrap] Setting up stage zeroconf: {'zeroconf'}; already set up: {}
Dependencies: {}; already set up: {'websocket_api', 'http', 'api', 'network'}[0m
[32m2025-11-20 21:25:30.141 INFO (MainThread) [homeassistant.setup] Setting up zeroconf[0m
[32m2025-11-20 21:25:30.147 INFO (MainThread) [homeassistant.components.zeroconf] Starting Zeroconf broadcast[0m
[32m2025-11-20 21:25:30.148 INFO (MainThread) [homeassistant.setup] Setup of domain zeroconf took 0.01 seconds[0m
[32m2025-11-20 21:25:30.148 INFO (MainThread) [homeassistant.bootstrap] Setting up stage 1: {'ssdp', 'cloud', 'bluetooth', 'usb', 'dhcp'}; already set up: {}
Dependencies: {'intent', 'conversation', 'webhook', 'stt', 'tts', 'backup', 'ffmpeg', 'wake_word', 'assist_pipeline'}; already set up: {'repairs', 'http', 'auth', 'websocket_api', 'network'}[0m
[32m2025-11-20 21:25:30.163 INFO (MainThread) [homeassistant.setup] Setting up webhook[0m
[32m2025-11-20 21:25:30.164 INFO (MainThread) [homeassistant.setup] Setup of domain webhook took 0.00 seconds[0m
[32m2025-11-20 21:25:30.179 INFO (MainThread) [homeassistant.setup] Setting up backup[0m
[32m2025-11-20 21:25:30.190 INFO (MainThread) [homeassistant.setup] Setting up intent[0m
[32m2025-11-20 21:25:30.191 INFO (MainThread) [homeassistant.setup] Setup of domain intent took 0.00 seconds[0m
[32m2025-11-20 21:25:30.192 INFO (MainThread) [homeassistant.setup] Setting up stt[0m
[32m2025-11-20 21:25:30.193 INFO (MainThread) [homeassistant.setup] Setup of domain stt took 0.00 seconds[0m
[32m2025-11-20 21:25:30.196 INFO (MainThread) [homeassistant.setup] Setup of domain backup took 0.02 seconds[0m
[32m2025-11-20 21:25:30.199 INFO (MainThread) [homeassistant.setup] Setting up ffmpeg[0m
[32m2025-11-20 21:25:30.208 INFO (MainThread) [homeassistant.setup] Setting up wake_word[0m
[32m2025-11-20 21:25:30.209 INFO (MainThread) [homeassistant.setup] Setup of domain wake_word took 0.00 seconds[0m
[32m2025-11-20 21:25:30.216 INFO (MainThread) [asyncio] execute program 'ffmpeg': <_UnixSubprocessTransport pid=320604 running stdin=<_UnixWritePipeTransport fd=18 idle bufsize=0> stdout=<_UnixReadPipeTransport fd=19 polling>>[0m
[32m2025-11-20 21:25:30.245 INFO (MainThread) [homeassistant.setup] Setting up ssdp[0m
[32m2025-11-20 21:25:30.269 INFO (MainThread) [homeassistant.setup] Setting up usb[0m
[32m2025-11-20 21:25:30.271 INFO (MainThread) [homeassistant.setup] Setup of domain usb took 0.00 seconds[0m
[32m2025-11-20 21:25:30.273 INFO (MainThread) [homeassistant.setup] Setup of domain ssdp took 0.03 seconds[0m
[32m2025-11-20 21:25:30.378 INFO (MainThread) [asyncio] <_UnixReadPipeTransport fd=19 polling> was closed by peer[0m
[32m2025-11-20 21:25:30.382 INFO (MainThread) [asyncio] <_UnixSubprocessTransport pid=320604 running stdin=<_UnixWritePipeTransport closed fd=18 closed> stdout=<_UnixReadPipeTransport closed fd=19 closed>> exited with return code 0[0m
[32m2025-11-20 21:25:30.384 INFO (MainThread) [homeassistant.setup] Setup of domain ffmpeg took 0.19 seconds[0m
[32m2025-11-20 21:25:30.412 INFO (MainThread) [homeassistant.setup] Setting up dhcp[0m
[32m2025-11-20 21:25:30.414 INFO (MainThread) [homeassistant.setup] Setup of domain dhcp took 0.00 seconds[0m
[32m2025-11-20 21:25:30.494 INFO (MainThread) [homeassistant.setup] Setting up conversation[0m
[32m2025-11-20 21:25:30.496 INFO (MainThread) [homeassistant.setup] Setup of domain conversation took 0.00 seconds[0m
[32m2025-11-20 21:25:30.514 INFO (MainThread) [homeassistant.setup] Setting up bluetooth[0m
[32m2025-11-20 21:25:30.573 INFO (MainThread) [homeassistant.setup] Setting up tts[0m
[32m2025-11-20 21:25:30.579 INFO (MainThread) [homeassistant.setup] Setting up event[0m
[32m2025-11-20 21:25:30.581 INFO (MainThread) [homeassistant.setup] Setup of domain event took 0.00 seconds[0m
[32m2025-11-20 21:25:30.583 INFO (MainThread) [homeassistant.setup] Setting up sensor[0m
[32m2025-11-20 21:25:30.583 INFO (MainThread) [homeassistant.setup] Setup of domain sensor took 0.00 seconds[0m
[32m2025-11-20 21:25:30.589 INFO (MainThread) [homeassistant.components.event] Setting up backup.event[0m
[32m2025-11-20 21:25:30.591 INFO (MainThread) [homeassistant.setup] Setup of domain tts took 0.02 seconds[0m
[32m2025-11-20 21:25:30.592 INFO (MainThread) [homeassistant.components.sensor] Setting up backup.sensor[0m
[31m2025-11-20 21:25:30.608 ERROR (MainThread) [habluetooth.manager] Missing required permissions for Bluetooth management: Missing NET_ADMIN/NET_RAW capabilities for Bluetooth management. Automatic adapter recovery is unavailable. Add NET_ADMIN and NET_RAW capabilities to the container to enable it[0m
[32m2025-11-20 21:25:30.621 INFO (MainThread) [homeassistant.setup] Setup of domain bluetooth took 0.11 seconds[0m
[32m2025-11-20 21:25:30.622 INFO (MainThread) [habluetooth.channels.bluez] Bluetooth management socket connection closed[0m
[32m2025-11-20 21:25:30.630 INFO (MainThread) [homeassistant.setup] Setting up assist_pipeline[0m
[32m2025-11-20 21:25:30.633 INFO (MainThread) [homeassistant.setup] Setup of domain assist_pipeline took 0.00 seconds[0m
[32m2025-11-20 21:25:30.773 INFO (MainThread) [homeassistant.setup] Setting up cloud[0m
[32m2025-11-20 21:25:30.777 INFO (MainThread) [homeassistant.setup] Setup of domain cloud took 0.00 seconds[0m
[32m2025-11-20 21:25:30.781 INFO (MainThread) [homeassistant.bootstrap] Setting up stage 2: {'counter', 'script', 'zone', 'radio_browser', 'input_select', 'input_boolean', 'shopping_list', 'system_health', 'automation', 'schedule', 'input_text', 'application_credentials', 'analytics', 'input_number', 'scene', 'hardware', 'input_datetime', 'met', 'timer', 'tag', 'google_translate', 'input_button', 'person', 'sun', 'default_config', 'pp_reader'}; already set up: {'logger', 'frontend', 'backup', 'homeassistant', 'network'}
Dependencies: {'stream', 'homeassistant_alerts', 'file', 'logbook', 'go2rtc', 'energy', 'trace', 'camera', 'image_upload', 'history', 'usage_prediction', 'my', 'media_source', 'blueprint', 'mobile_app'}; already set up: {'conversation', 'tts', 'config', 'backup', 'ffmpeg', 'usb', 'ssdp', 'onboarding', 'stt', 'auth', 'frontend', 'recorder', 'lovelace', 'zeroconf', 'device_automation', 'api', 'wake_word', 'assist_pipeline', 'websocket_api', 'diagnostics', 'intent', 'http', 'system_log', 'bluetooth', 'file_upload', 'repairs', 'webhook', 'search', 'cloud', 'dhcp', 'network'}[0m
[32m2025-11-20 21:25:30.782 INFO (MainThread) [homeassistant.setup] Setting up scene[0m
[32m2025-11-20 21:25:30.783 INFO (MainThread) [homeassistant.components.scene] Setting up homeassistant.scene[0m
[32m2025-11-20 21:25:30.785 INFO (MainThread) [homeassistant.setup] Setup of domain scene took 0.00 seconds[0m
[32m2025-11-20 21:25:30.786 INFO (MainThread) [homeassistant.setup] Setting up camera[0m
[32m2025-11-20 21:25:30.788 INFO (MainThread) [homeassistant.setup] Setup of domain camera took 0.00 seconds[0m
[32m2025-11-20 21:25:30.792 INFO (MainThread) [homeassistant.setup] Setting up blueprint[0m
[32m2025-11-20 21:25:30.792 INFO (MainThread) [homeassistant.setup] Setup of domain blueprint took 0.00 seconds[0m
[32m2025-11-20 21:25:30.802 INFO (MainThread) [homeassistant.setup] Setting up trace[0m
[32m2025-11-20 21:25:30.803 INFO (MainThread) [homeassistant.setup] Setup of domain trace took 0.00 seconds[0m
[32m2025-11-20 21:25:30.804 INFO (MainThread) [homeassistant.setup] Setting up script[0m
[32m2025-11-20 21:25:30.806 INFO (MainThread) [homeassistant.setup] Setup of domain script took 0.00 seconds[0m
[32m2025-11-20 21:25:30.807 INFO (MainThread) [homeassistant.setup] Setting up zone[0m
[32m2025-11-20 21:25:30.809 INFO (MainThread) [homeassistant.setup] Setup of domain zone took 0.00 seconds[0m
[32m2025-11-20 21:25:30.814 INFO (MainThread) [homeassistant.setup] Setting up input_select[0m
[32m2025-11-20 21:25:30.817 INFO (MainThread) [homeassistant.setup] Setup of domain input_select took 0.00 seconds[0m
[32m2025-11-20 21:25:30.818 INFO (MainThread) [homeassistant.setup] Setting up history[0m
[32m2025-11-20 21:25:30.820 INFO (MainThread) [homeassistant.setup] Setup of domain history took 0.00 seconds[0m
[32m2025-11-20 21:25:30.821 INFO (MainThread) [homeassistant.setup] Setting up input_boolean[0m
[32m2025-11-20 21:25:30.823 INFO (MainThread) [homeassistant.setup] Setup of domain input_boolean took 0.00 seconds[0m
[32m2025-11-20 21:25:30.826 INFO (MainThread) [homeassistant.setup] Setting up system_health[0m
[32m2025-11-20 21:25:30.927 INFO (MainThread) [homeassistant.setup] Setup of domain system_health took 0.10 seconds[0m
[32m2025-11-20 21:25:30.928 INFO (MainThread) [homeassistant.setup] Setting up automation[0m
[32m2025-11-20 21:25:30.932 INFO (MainThread) [homeassistant.setup] Setup of domain automation took 0.00 seconds[0m
[32m2025-11-20 21:25:30.936 INFO (MainThread) [homeassistant.setup] Setting up logbook[0m
[32m2025-11-20 21:25:30.938 INFO (MainThread) [homeassistant.setup] Setup of domain logbook took 0.00 seconds[0m
[32m2025-11-20 21:25:30.941 INFO (MainThread) [homeassistant.setup] Setting up input_number[0m
[32m2025-11-20 21:25:30.946 INFO (MainThread) [homeassistant.setup] Setup of domain input_number took 0.00 seconds[0m
[32m2025-11-20 21:25:30.953 INFO (MainThread) [homeassistant.setup] Setting up image_upload[0m
[32m2025-11-20 21:25:30.956 INFO (MainThread) [homeassistant.setup] Setup of domain image_upload took 0.00 seconds[0m
[32m2025-11-20 21:25:30.958 INFO (MainThread) [homeassistant.setup] Setting up timer[0m
[32m2025-11-20 21:25:30.960 INFO (MainThread) [homeassistant.setup] Setup of domain timer took 0.00 seconds[0m
[32m2025-11-20 21:25:30.963 INFO (MainThread) [homeassistant.setup] Setting up media_source[0m
[32m2025-11-20 21:25:30.970 INFO (MainThread) [homeassistant.setup] Setup of domain media_source took 0.01 seconds[0m
[32m2025-11-20 21:25:30.973 INFO (MainThread) [homeassistant.setup] Setting up stream[0m
[32m2025-11-20 21:25:30.978 INFO (MainThread) [homeassistant.setup] Setting up input_button[0m
[32m2025-11-20 21:25:30.980 INFO (MainThread) [homeassistant.setup] Setup of domain input_button took 0.00 seconds[0m
[32m2025-11-20 21:25:30.981 INFO (MainThread) [homeassistant.setup] Setting up person[0m
[33m2025-11-20 21:25:31.033 WARNING (MainThread) [asyncio] Executing <Task pending name='Task-1' coro=<setup_and_run_hass() running at /home/andreas/coding/repos/ha-pp-reader/venv-ha/lib/python3.13/site-packages/homeassistant/runner.py:256> wait_for=<_GatheringFuture pending cb=[Task.task_wakeup()] created at /home/andreas/.pyenv/versions/3.13.3/lib/python3.13/asyncio/tasks.py:765> cb=[_run_until_complete_cb() at /home/andreas/.pyenv/versions/3.13.3/lib/python3.13/asyncio/base_events.py:181] created at /home/andreas/.pyenv/versions/3.13.3/lib/python3.13/asyncio/tasks.py:748> took 0.252 seconds[0m
[32m2025-11-20 21:25:31.040 INFO (MainThread) [homeassistant.setup] Setting up counter[0m
[32m2025-11-20 21:25:31.043 INFO (MainThread) [homeassistant.setup] Setup of domain counter took 0.00 seconds[0m
[32m2025-11-20 21:25:31.044 INFO (MainThread) [homeassistant.setup] Setting up radio_browser[0m
[32m2025-11-20 21:25:31.046 INFO (MainThread) [homeassistant.setup] Setup of domain radio_browser took 0.00 seconds[0m
[32m2025-11-20 21:25:31.053 INFO (MainThread) [homeassistant.setup] Setting up shopping_list[0m
[32m2025-11-20 21:25:31.056 INFO (MainThread) [homeassistant.setup] Setup of domain shopping_list took 0.00 seconds[0m
[32m2025-11-20 21:25:31.069 INFO (MainThread) [homeassistant.setup] Setting up schedule[0m
[32m2025-11-20 21:25:31.094 INFO (MainThread) [homeassistant.setup] Setup of domain schedule took 0.03 seconds[0m
[32m2025-11-20 21:25:31.097 INFO (MainThread) [homeassistant.setup] Setting up input_text[0m
[32m2025-11-20 21:25:31.108 INFO (MainThread) [homeassistant.setup] Setup of domain input_text took 0.01 seconds[0m
[32m2025-11-20 21:25:31.109 INFO (MainThread) [homeassistant.setup] Setting up application_credentials[0m
[32m2025-11-20 21:25:31.115 INFO (MainThread) [homeassistant.setup] Setup of domain application_credentials took 0.01 seconds[0m
[32m2025-11-20 21:25:31.120 INFO (MainThread) [homeassistant.setup] Setting up energy[0m
[32m2025-11-20 21:25:31.124 INFO (MainThread) [homeassistant.setup] Setup of domain energy took 0.00 seconds[0m
[32m2025-11-20 21:25:31.127 INFO (MainThread) [homeassistant.setup] Setup of domain person took 0.15 seconds[0m
[32m2025-11-20 21:25:31.145 INFO (MainThread) [homeassistant.setup] Setting up homeassistant_alerts[0m
[32m2025-11-20 21:25:31.167 INFO (MainThread) [homeassistant.setup] Setup of domain homeassistant_alerts took 0.02 seconds[0m
[32m2025-11-20 21:25:31.177 INFO (MainThread) [homeassistant.setup] Setting up hardware[0m
[32m2025-11-20 21:25:31.179 INFO (MainThread) [homeassistant.setup] Setting up input_datetime[0m
[32m2025-11-20 21:25:31.184 INFO (MainThread) [homeassistant.setup] Setup of domain input_datetime took 0.00 seconds[0m
[32m2025-11-20 21:25:31.192 INFO (MainThread) [homeassistant.setup] Setup of domain stream took 0.22 seconds[0m
[32m2025-11-20 21:25:31.205 INFO (MainThread) [homeassistant.setup] Setting up go2rtc[0m
[32m2025-11-20 21:25:31.206 INFO (MainThread) [homeassistant.setup] Setup of domain go2rtc took 0.00 seconds[0m
[32m2025-11-20 21:25:31.207 INFO (MainThread) [homeassistant.setup] Setting up met[0m
[32m2025-11-20 21:25:31.207 INFO (MainThread) [homeassistant.setup] Setup of domain met took 0.00 seconds[0m
[32m2025-11-20 21:25:31.216 INFO (MainThread) [homeassistant.setup] Setting up my[0m
[32m2025-11-20 21:25:31.217 INFO (MainThread) [homeassistant.setup] Setup of domain my took 0.00 seconds[0m
[32m2025-11-20 21:25:31.223 INFO (MainThread) [homeassistant.setup] Setting up tag[0m
[32m2025-11-20 21:25:31.225 INFO (MainThread) [homeassistant.setup] Setup of domain tag took 0.00 seconds[0m
[32m2025-11-20 21:25:31.227 INFO (MainThread) [homeassistant.setup] Setup of domain hardware took 0.05 seconds[0m
[32m2025-11-20 21:25:31.228 INFO (MainThread) [homeassistant.setup] Setting up google_translate[0m
[32m2025-11-20 21:25:31.229 INFO (MainThread) [homeassistant.setup] Setup of domain google_translate took 0.00 seconds[0m
[32m2025-11-20 21:25:31.230 INFO (MainThread) [homeassistant.setup] Setting up sun[0m
[32m2025-11-20 21:25:31.231 INFO (MainThread) [homeassistant.setup] Setup of domain sun took 0.00 seconds[0m
[32m2025-11-20 21:25:31.237 INFO (MainThread) [homeassistant.setup] Setting up binary_sensor[0m
[32m2025-11-20 21:25:31.238 INFO (MainThread) [homeassistant.setup] Setup of domain binary_sensor took 0.00 seconds[0m
[32m2025-11-20 21:25:31.257 INFO (MainThread) [homeassistant.setup] Setting up usage_prediction[0m
[32m2025-11-20 21:25:31.258 INFO (MainThread) [homeassistant.setup] Setup of domain usage_prediction took 0.00 seconds[0m
[32m2025-11-20 21:25:31.261 INFO (MainThread) [homeassistant.setup] Setting up file[0m
[32m2025-11-20 21:25:31.262 INFO (MainThread) [homeassistant.setup] Setup of domain file took 0.00 seconds[0m
[32m2025-11-20 21:25:31.268 INFO (MainThread) [homeassistant.components.binary_sensor] Setting up sun.binary_sensor[0m
[32m2025-11-20 21:25:31.271 INFO (MainThread) [homeassistant.components.sensor] Setting up sun.sensor[0m
[32m2025-11-20 21:25:31.549 INFO (MainThread) [homeassistant.setup] Setting up pp_reader[0m
[36m2025-11-20 21:25:31.555 DEBUG (MainThread) [custom_components.pp_reader] Panel-Placeholder 'ppreader' registriert[0m
[32m2025-11-20 21:25:31.563 INFO (MainThread) [homeassistant.setup] Setting up todo[0m
[32m2025-11-20 21:25:31.568 INFO (MainThread) [homeassistant.setup] Setup of domain todo took 0.00 seconds[0m
[32m2025-11-20 21:25:31.572 INFO (MainThread) [homeassistant.setup] Setting up analytics[0m
[32m2025-11-20 21:25:31.574 INFO (MainThread) [homeassistant.setup] Setup of domain analytics took 0.00 seconds[0m
[32m2025-11-20 21:25:31.575 INFO (MainThread) [homeassistant.components.sensor] Setting up energy.sensor[0m
[32m2025-11-20 21:25:31.581 INFO (MainThread) [homeassistant.setup] Setup of domain pp_reader took 0.03 seconds[0m
[32m2025-11-20 21:25:31.582 INFO (MainThread) [custom_components.pp_reader] Initialisiere Datenbank falls notwendig: /home/andreas/coding/repos/ha-pp-reader/config/pp_reader_data/S-Depot.db[0m
[32m2025-11-20 21:25:31.585 INFO (MainThread) [homeassistant.components.todo] Setting up shopping_list.todo[0m
[32m2025-11-20 21:25:31.603 INFO (MainThread) [homeassistant.components.tts] Setting up google_translate.tts[0m
[32m2025-11-20 21:25:31.615 INFO (SyncWorker_0) [custom_components.pp_reader.data.db_init] Datenbank erfolgreich initialisiert: /home/andreas/coding/repos/ha-pp-reader/config/pp_reader_data/S-Depot.db[0m
[32m2025-11-20 21:25:31.617 INFO (MainThread) [custom_components.pp_reader] Preis-Debug Option=OFF (globale Logger-Konfiguration kann DEBUG-Ausgaben dennoch anzeigen) effective={'custom_components.pp_reader.prices': 'INFO', 'custom_components.pp_reader.prices.price_service': 'INFO', 'custom_components.pp_reader.prices.yahooquery_provider': 'INFO', 'custom_components.pp_reader.prices.revaluation': 'INFO', 'custom_components.pp_reader.prices.symbols': 'INFO', 'custom_components.pp_reader.prices.provider_base': 'INFO'}[0m
[32m2025-11-20 21:25:31.617 INFO (MainThread) [custom_components.pp_reader] Ersetze vorhandenes Panel 'ppreader' (alt=None) durch entry_id=01KA741FPV0VF7P42PXE9CM0CS[0m
[32m2025-11-20 21:25:31.618 INFO (MainThread) [custom_components.pp_reader] Custom Panel 'ppreader' registriert (cache_bust=20251120202531, entry_id=01KA741FPV0VF7P42PXE9CM0CS)[0m
[36m2025-11-20 21:25:31.624 DEBUG (MainThread) [custom_components.pp_reader.data.coordinator] Finished fetching pp_reader data in 0.003 seconds (success: True)[0m
[32m2025-11-20 21:25:31.625 INFO (MainThread) [homeassistant.setup] Setting up mobile_app[0m
[32m2025-11-20 21:25:31.628 INFO (MainThread) [homeassistant.setup] Setting up notify[0m
[32m2025-11-20 21:25:31.628 INFO (MainThread) [homeassistant.setup] Setup of domain notify took 0.00 seconds[0m
[32m2025-11-20 21:25:31.630 INFO (MainThread) [homeassistant.setup] Setup of domain mobile_app took 0.01 seconds[0m
[32m2025-11-20 21:25:31.631 INFO (MainThread) [homeassistant.components.notify] Setting up notify.mobile_app[0m
[32m2025-11-20 21:25:31.635 INFO (MainThread) [homeassistant.setup] Setting up default_config[0m
[32m2025-11-20 21:25:31.636 INFO (MainThread) [homeassistant.setup] Setup of domain default_config took 0.00 seconds[0m
[32m2025-11-20 21:25:31.668 INFO (MainThread) [homeassistant.setup] Setting up weather[0m
[32m2025-11-20 21:25:31.669 INFO (MainThread) [homeassistant.setup] Setup of domain weather took 0.00 seconds[0m
[32m2025-11-20 21:25:31.671 INFO (MainThread) [homeassistant.components.sensor] Setting up pp_reader.sensor[0m
[32m2025-11-20 21:25:31.674 INFO (MainThread) [homeassistant.components.weather] Setting up met.weather[0m
[36m2025-11-20 21:25:31.696 DEBUG (MainThread) [custom_components.pp_reader] Initialer Preiszyklus wird gestartet (entry_id=01KA741FPV0VF7P42PXE9CM0CS)[0m
[36m2025-11-20 21:25:31.701 DEBUG (MainThread) [custom_components.pp_reader] Preis-Service Intervall-Task geplant: every 900s (entry_id=01KA741FPV0VF7P42PXE9CM0CS)[0m
[36m2025-11-20 21:25:31.701 DEBUG (MainThread) [custom_components.pp_reader] FX-Service Intervall-Task geplant: every 21600s (entry_id=01KA741FPV0VF7P42PXE9CM0CS)[0m
[36m2025-11-20 21:25:31.715 DEBUG (MainThread) [custom_components.pp_reader] FX-Refresh: Aktualisiert für ['CAD', 'CHF', 'HKD', 'JPY', 'SEK', 'USD'] (entry_id=01KA741FPV0VF7P42PXE9CM0CS)[0m
[33m2025-11-20 21:25:51.729 WARNING (MainThread) [custom_components.pp_reader.data.event_push] Event payload for portfolio_values exceeds recorder limit (64388 > 32768 bytes). Content was compacted but will still be dropped by the recorder.[0m
[32m2025-11-20 21:25:51.735 INFO (MainThread) [custom_components.pp_reader.prices.price_service] prices_cycle symbols=93 batches=10 returned=90 changed=3 errors=0 duration=20038ms skipped_running=False[0m
[32m2025-11-20 21:25:51.737 INFO (MainThread) [homeassistant.bootstrap] Home Assistant initialized in 22.79s[0m
[32m2025-11-20 21:25:51.737 INFO (MainThread) [homeassistant.core] Starting Home Assistant 2025.11.1[0m
[32m2025-11-20 21:25:51.749 INFO (SyncWorker_0) [homeassistant.loader] Loaded heos from homeassistant.components.heos[0m
[32m2025-11-20 21:25:51.750 INFO (SyncWorker_3) [homeassistant.loader] Loaded thread from homeassistant.components.thread[0m
[32m2025-11-20 21:25:51.812 INFO (MainThread) [custom_components.pp_reader.data.backup_db] Backup-Service registriert: pp_reader.trigger_backup_debug[0m
[33m2025-11-20 21:25:52.104 WARNING (MainThread) [asyncio] Executing <Task pending name='Task-108' coro=<UpnpServer.async_start() running at /home/andreas/coding/repos/ha-pp-reader/venv-ha/lib/python3.13/site-packages/async_upnp_client/server.py:1352> wait_for=<_GatheringFuture pending cb=[Task.task_wakeup()] created at /home/andreas/.pyenv/versions/3.13.3/lib/python3.13/asyncio/tasks.py:765> cb=[gather.<locals>._done_callback() at /home/andreas/.pyenv/versions/3.13.3/lib/python3.13/asyncio/tasks.py:820] created at /home/andreas/.pyenv/versions/3.13.3/lib/python3.13/asyncio/tasks.py:748> took 0.132 seconds[0m
[33m2025-11-20 21:25:52.303 WARNING (Recorder) [homeassistant.components.recorder.db_schema] Event data for panels_updated exceed maximum size of 32768 bytes. This can cause database performance issues; Event data will not be stored[0m
[33m2025-11-20 21:25:52.537 WARNING (MainThread) [asyncio] Executing <Task pending name='Task-102' coro=<gather_with_limited_concurrency.<locals>.sem_task() running at /home/andreas/coding/repos/ha-pp-reader/venv-ha/lib/python3.13/site-packages/homeassistant/util/async_.py:111> wait_for=<Future pending cb=[Task.task_wakeup()] created at /home/andreas/.pyenv/versions/3.13.3/lib/python3.13/asyncio/base_events.py:459> cb=[gather.<locals>._done_callback() at /home/andreas/.pyenv/versions/3.13.3/lib/python3.13/asyncio/tasks.py:820] created at /home/andreas/coding/repos/ha-pp-reader/venv-ha/lib/python3.13/site-packages/homeassistant/util/async_.py:44> took 0.179 seconds[0m
[33m2025-11-20 21:25:52.866 WARNING (MainThread) [asyncio] Executing <Task pending name='Task-101' coro=<gather_with_limited_concurrency.<locals>.sem_task() running at /home/andreas/coding/repos/ha-pp-reader/venv-ha/lib/python3.13/site-packages/homeassistant/util/async_.py:111> wait_for=<Future pending cb=[_chain_future.<locals>._call_check_cancel() at /home/andreas/.pyenv/versions/3.13.3/lib/python3.13/asyncio/futures.py:384, Task.task_wakeup()] created at /home/andreas/.pyenv/versions/3.13.3/lib/python3.13/asyncio/base_events.py:459> cb=[gather.<locals>._done_callback() at /home/andreas/.pyenv/versions/3.13.3/lib/python3.13/asyncio/tasks.py:820] created at /home/andreas/coding/repos/ha-pp-reader/venv-ha/lib/python3.13/site-packages/homeassistant/util/async_.py:44> took 0.101 seconds[0m
[33m2025-11-20 21:25:53.160 WARNING (MainThread) [asyncio] Executing <Task pending name='Task-112' coro=<async_setup.<locals>.initial_refresh() running at /home/andreas/coding/repos/ha-pp-reader/venv-ha/lib/python3.13/site-packages/homeassistant/components/homeassistant_alerts/__init__.py:102> wait_for=<Future pending cb=[Task.task_wakeup()] created at /home/andreas/.pyenv/versions/3.13.3/lib/python3.13/asyncio/base_events.py:459> cb=[set.remove()] created at /home/andreas/coding/repos/ha-pp-reader/venv-ha/lib/python3.13/site-packages/homeassistant/util/async_.py:44> took 0.184 seconds[0m
[33m2025-11-20 21:25:53.651 WARNING (MainThread) [asyncio] Executing <Task pending name='Task-117' coro=<staggered_race.<locals>.run_one_coro() running at /home/andreas/coding/repos/ha-pp-reader/venv-ha/lib/python3.13/site-packages/aiohappyeyeballs/_staggered.py:132> wait_for=<Future pending cb=[BaseSelectorEventLoop._sock_write_done()(), Task.task_wakeup()] created at /home/andreas/.pyenv/versions/3.13.3/lib/python3.13/asyncio/base_events.py:459> cb=[_wait_one.<locals>._on_completion() at /home/andreas/coding/repos/ha-pp-reader/venv-ha/lib/python3.13/site-packages/aiohappyeyeballs/_staggered.py:38] created at /home/andreas/coding/repos/ha-pp-reader/venv-ha/lib/python3.13/site-packages/aiohappyeyeballs/_staggered.py:154> took 0.365 seconds[0m
[33m2025-11-20 21:25:53.820 WARNING (MainThread) [asyncio] Executing <Handle _chain_future.<locals>._set_state(<Future finis...events.py:459>, <Future at 0x...eturned tuple>) at /home/andreas/.pyenv/versions/3.13.3/lib/python3.13/asyncio/futures.py:378 created at /home/andreas/.pyenv/versions/3.13.3/lib/python3.13/asyncio/futures.py:400> took 0.109 seconds[0m
[33m2025-11-20 21:25:53.933 WARNING (MainThread) [asyncio] Executing <Handle BaseSelectorEventLoop._sock_connect_cb(<Future finis...events.py:459>, <socket.socke....4.238', 443)>, ('104.26.4.238', 443)) created at /home/andreas/.pyenv/versions/3.13.3/lib/python3.13/asyncio/selector_events.py:310> took 0.102 seconds[0m
[33m2025-11-20 21:25:54.072 WARNING (Recorder) [homeassistant.components.recorder.db_schema] Event data for panels_updated exceed maximum size of 32768 bytes. This can cause database performance issues; Event data will not be stored[0m
[33m2025-11-20 21:25:59.112 WARNING (MainThread) [asyncio] Executing <Task pending name='Task-167' coro=<RequestHandler._handle_request() running at /home/andreas/coding/repos/ha-pp-reader/venv-ha/lib/python3.13/site-packages/aiohttp/web_protocol.py:510> wait_for=<Future pending cb=[Task.task_wakeup()] created at /home/andreas/.pyenv/versions/3.13.3/lib/python3.13/asyncio/base_events.py:459> cb=[Task.task_wakeup()] created at /home/andreas/coding/repos/ha-pp-reader/venv-ha/lib/python3.13/site-packages/aiohttp/web_protocol.py:598> took 0.105 seconds[0m
[32m2025-11-20 21:26:11.299 INFO (SyncWorker_0) [homeassistant.loader] Loaded playstation_network from homeassistant.components.playstation_network[0m
[32m2025-11-20 21:26:18.134 INFO (SyncWorker_1) [homeassistant.loader] Loaded denonavr from homeassistant.components.denonavr[0m
[36m2025-11-20 21:26:31.224 DEBUG (MainThread) [custom_components.pp_reader.data.coordinator] Finished fetching pp_reader data in 0.002 seconds (success: True)[0m
[32m2025-11-20 21:27:15.411 INFO (SyncWorker_1) [homeassistant.loader] Loaded upnp from homeassistant.components.upnp[0m
[36m2025-11-20 21:27:31.224 DEBUG (MainThread) [custom_components.pp_reader.data.coordinator] Finished fetching pp_reader data in 0.003 seconds (success: True)[0m
[36m2025-11-20 21:28:31.224 DEBUG (MainThread) [custom_components.pp_reader.data.coordinator] Finished fetching pp_reader data in 0.002 seconds (success: True)[0m
[36m2025-11-20 21:29:31.224 DEBUG (MainThread) [custom_components.pp_reader.data.coordinator] Finished fetching pp_reader data in 0.002 seconds (success: True)[0m
[36m2025-11-20 21:30:31.223 DEBUG (MainThread) [custom_components.pp_reader.data.coordinator] Finished fetching pp_reader data in 0.002 seconds (success: True)[0m
[36m2025-11-20 21:31:31.225 DEBUG (MainThread) [custom_components.pp_reader.data.coordinator] Finished fetching pp_reader data in 0.003 seconds (success: True)[0m
[36m2025-11-20 21:32:31.223 DEBUG (MainThread) [custom_components.pp_reader.data.coordinator] Finished fetching pp_reader data in 0.002 seconds (success: True)[0m
[36m2025-11-20 21:33:31.223 DEBUG (MainThread) [custom_components.pp_reader.data.coordinator] Finished fetching pp_reader data in 0.002 seconds (success: True)[0m
[36m2025-11-20 21:34:31.223 DEBUG (MainThread) [custom_components.pp_reader.data.coordinator] Finished fetching pp_reader data in 0.002 seconds (success: True)[0m
[36m2025-11-20 21:35:31.224 DEBUG (MainThread) [custom_components.pp_reader.data.coordinator] Finished fetching pp_reader data in 0.002 seconds (success: True)[0m
[36m2025-11-20 21:36:31.223 DEBUG (MainThread) [custom_components.pp_reader.data.coordinator] Finished fetching pp_reader data in 0.002 seconds (success: True)[0m
[36m2025-11-20 21:37:31.224 DEBUG (MainThread) [custom_components.pp_reader.data.coordinator] Finished fetching pp_reader data in 0.003 seconds (success: True)[0m
[36m2025-11-20 21:38:31.224 DEBUG (MainThread) [custom_components.pp_reader.data.coordinator] Finished fetching pp_reader data in 0.002 seconds (success: True)[0m
[36m2025-11-20 21:39:31.224 DEBUG (MainThread) [custom_components.pp_reader.data.coordinator] Finished fetching pp_reader data in 0.003 seconds (success: True)[0m
[36m2025-11-20 21:40:31.223 DEBUG (MainThread) [custom_components.pp_reader.data.coordinator] Finished fetching pp_reader data in 0.002 seconds (success: True)[0m
[33m2025-11-20 21:40:52.615 WARNING (MainThread) [custom_components.pp_reader.data.event_push] Event payload for portfolio_values exceeds recorder limit (64388 > 32768 bytes). Content was compacted but will still be dropped by the recorder.[0m
[32m2025-11-20 21:40:52.616 INFO (MainThread) [custom_components.pp_reader.prices.price_service] prices_cycle symbols=93 batches=10 returned=90 changed=2 errors=0 duration=20913ms skipped_running=False[0m
[33m2025-11-20 21:40:52.617 WARNING (Recorder) [homeassistant.components.recorder.db_schema] Event data for panels_updated exceed maximum size of 32768 bytes. This can cause database performance issues; Event data will not be stored[0m
[36m2025-11-20 21:41:31.223 DEBUG (MainThread) [custom_components.pp_reader.data.coordinator] Finished fetching pp_reader data in 0.002 seconds (success: True)[0m
[36m2025-11-20 21:42:31.224 DEBUG (MainThread) [custom_components.pp_reader.data.coordinator] Finished fetching pp_reader data in 0.002 seconds (success: True)[0m
[36m2025-11-20 21:43:31.224 DEBUG (MainThread) [custom_components.pp_reader.data.coordinator] Finished fetching pp_reader data in 0.002 seconds (success: True)[0m
[36m2025-11-20 21:44:31.222 DEBUG (MainThread) [custom_components.pp_reader.data.coordinator] Finished fetching pp_reader data in 0.002 seconds (success: True)[0m
[36m2025-11-20 21:45:31.222 DEBUG (MainThread) [custom_components.pp_reader.data.coordinator] Finished fetching pp_reader data in 0.002 seconds (success: True)[0m
[36m2025-11-20 21:46:31.224 DEBUG (MainThread) [custom_components.pp_reader.data.coordinator] Finished fetching pp_reader data in 0.002 seconds (success: True)[0m
[36m2025-11-20 21:47:31.222 DEBUG (MainThread) [custom_components.pp_reader.data.coordinator] Finished fetching pp_reader data in 0.002 seconds (success: True)[0m
[36m2025-11-20 21:48:31.244 DEBUG (MainThread) [custom_components.pp_reader.data.coordinator] Finished fetching pp_reader data in 0.023 seconds (success: True)[0m
[36m2025-11-20 21:49:31.224 DEBUG (MainThread) [custom_components.pp_reader.data.coordinator] Finished fetching pp_reader data in 0.003 seconds (success: True)[0m
[36m2025-11-20 21:50:31.224 DEBUG (MainThread) [custom_components.pp_reader.data.coordinator] Finished fetching pp_reader data in 0.003 seconds (success: True)[0m
[36m2025-11-20 21:51:31.222 DEBUG (MainThread) [custom_components.pp_reader.data.coordinator] Finished fetching pp_reader data in 0.002 seconds (success: True)[0m
[36m2025-11-20 21:52:31.225 DEBUG (MainThread) [custom_components.pp_reader.data.coordinator] Finished fetching pp_reader data in 0.003 seconds (success: True)[0m
[36m2025-11-20 21:53:31.222 DEBUG (MainThread) [custom_components.pp_reader.data.coordinator] Finished fetching pp_reader data in 0.002 seconds (success: True)[0m
[36m2025-11-20 21:54:31.224 DEBUG (MainThread) [custom_components.pp_reader.data.coordinator] Finished fetching pp_reader data in 0.002 seconds (success: True)[0m
[36m2025-11-20 21:55:31.223 DEBUG (MainThread) [custom_components.pp_reader.data.coordinator] Finished fetching pp_reader data in 0.003 seconds (success: True)[0m
[33m2025-11-20 21:55:52.121 WARNING (MainThread) [custom_components.pp_reader.data.event_push] Event payload for portfolio_values exceeds recorder limit (64388 > 32768 bytes). Content was compacted but will still be dropped by the recorder.[0m
[32m2025-11-20 21:55:52.137 INFO (MainThread) [custom_components.pp_reader.prices.price_service] prices_cycle symbols=93 batches=10 returned=90 changed=6 errors=0 duration=20433ms skipped_running=False[0m
[33m2025-11-20 21:55:52.144 WARNING (Recorder) [homeassistant.components.recorder.db_schema] Event data for panels_updated exceed maximum size of 32768 bytes. This can cause database performance issues; Event data will not be stored[0m
[36m2025-11-20 21:56:31.224 DEBUG (MainThread) [custom_components.pp_reader.data.coordinator] Finished fetching pp_reader data in 0.003 seconds (success: True)[0m
[36m2025-11-20 21:57:31.224 DEBUG (MainThread) [custom_components.pp_reader.data.coordinator] Finished fetching pp_reader data in 0.003 seconds (success: True)[0m
[36m2025-11-20 21:58:31.223 DEBUG (MainThread) [custom_components.pp_reader.data.coordinator] Finished fetching pp_reader data in 0.002 seconds (success: True)[0m
[36m2025-11-20 21:59:31.222 DEBUG (MainThread) [custom_components.pp_reader.data.coordinator] Finished fetching pp_reader data in 0.002 seconds (success: True)[0m
[36m2025-11-20 22:00:31.223 DEBUG (MainThread) [custom_components.pp_reader.data.coordinator] Finished fetching pp_reader data in 0.002 seconds (success: True)[0m
[36m2025-11-20 22:01:31.224 DEBUG (MainThread) [custom_components.pp_reader.data.coordinator] Finished fetching pp_reader data in 0.003 seconds (success: True)[0m
[36m2025-11-20 22:02:31.225 DEBUG (MainThread) [custom_components.pp_reader.data.coordinator] Finished fetching pp_reader data in 0.002 seconds (success: True)[0m
[36m2025-11-20 22:03:31.224 DEBUG (MainThread) [custom_components.pp_reader.data.coordinator] Finished fetching pp_reader data in 0.002 seconds (success: True)[0m
[36m2025-11-20 22:04:31.224 DEBUG (MainThread) [custom_components.pp_reader.data.coordinator] Finished fetching pp_reader data in 0.002 seconds (success: True)[0m
[36m2025-11-20 22:05:31.223 DEBUG (MainThread) [custom_components.pp_reader.data.coordinator] Finished fetching pp_reader data in 0.002 seconds (success: True)[0m
[36m2025-11-20 22:06:31.224 DEBUG (MainThread) [custom_components.pp_reader.data.coordinator] Finished fetching pp_reader data in 0.002 seconds (success: True)[0m
[36m2025-11-20 22:07:31.223 DEBUG (MainThread) [custom_components.pp_reader.data.coordinator] Finished fetching pp_reader data in 0.002 seconds (success: True)[0m
[36m2025-11-20 22:08:31.223 DEBUG (MainThread) [custom_components.pp_reader.data.coordinator] Finished fetching pp_reader data in 0.002 seconds (success: True)[0m
[36m2025-11-20 22:09:31.224 DEBUG (MainThread) [custom_components.pp_reader.data.coordinator] Finished fetching pp_reader data in 0.003 seconds (success: True)[0m
[36m2025-11-20 22:10:31.224 DEBUG (MainThread) [custom_components.pp_reader.data.coordinator] Finished fetching pp_reader data in 0.003 seconds (success: True)[0m
[33m2025-11-20 22:10:51.699 WARNING (MainThread) [custom_components.pp_reader.data.event_push] Event payload for portfolio_values exceeds recorder limit (64388 > 32768 bytes). Content was compacted but will still be dropped by the recorder.[0m
[32m2025-11-20 22:10:51.707 INFO (MainThread) [custom_components.pp_reader.prices.price_service] prices_cycle symbols=93 batches=10 returned=90 changed=6 errors=0 duration=20002ms skipped_running=False[0m
[33m2025-11-20 22:10:51.710 WARNING (Recorder) [homeassistant.components.recorder.db_schema] Event data for panels_updated exceed maximum size of 32768 bytes. This can cause database performance issues; Event data will not be stored[0m
[36m2025-11-20 22:11:31.222 DEBUG (MainThread) [custom_components.pp_reader.data.coordinator] Finished fetching pp_reader data in 0.002 seconds (success: True)[0m
[36m2025-11-20 22:12:31.224 DEBUG (MainThread) [custom_components.pp_reader.data.coordinator] Finished fetching pp_reader data in 0.003 seconds (success: True)[0m
[36m2025-11-20 22:13:31.222 DEBUG (MainThread) [custom_components.pp_reader.data.coordinator] Finished fetching pp_reader data in 0.002 seconds (success: True)[0m
[36m2025-11-20 22:14:31.224 DEBUG (MainThread) [custom_components.pp_reader.data.coordinator] Finished fetching pp_reader data in 0.003 seconds (success: True)[0m
[36m2025-11-20 22:15:31.225 DEBUG (MainThread) [custom_components.pp_reader.data.coordinator] Finished fetching pp_reader data in 0.002 seconds (success: True)[0m
[36m2025-11-20 22:16:31.224 DEBUG (MainThread) [custom_components.pp_reader.data.coordinator] Finished fetching pp_reader data in 0.003 seconds (success: True)[0m
[36m2025-11-20 22:17:31.224 DEBUG (MainThread) [custom_components.pp_reader.data.coordinator] Finished fetching pp_reader data in 0.002 seconds (success: True)[0m
[36m2025-11-20 22:18:31.224 DEBUG (MainThread) [custom_components.pp_reader.data.coordinator] Finished fetching pp_reader data in 0.002 seconds (success: True)[0m
[36m2025-11-20 22:19:31.224 DEBUG (MainThread) [custom_components.pp_reader.data.coordinator] Finished fetching pp_reader data in 0.003 seconds (success: True)[0m
[36m2025-11-20 22:20:31.223 DEBUG (MainThread) [custom_components.pp_reader.data.coordinator] Finished fetching pp_reader data in 0.003 seconds (success: True)[0m
[36m2025-11-20 22:21:31.222 DEBUG (MainThread) [custom_components.pp_reader.data.coordinator] Finished fetching pp_reader data in 0.002 seconds (success: True)[0m
[36m2025-11-20 22:22:31.223 DEBUG (MainThread) [custom_components.pp_reader.data.coordinator] Finished fetching pp_reader data in 0.003 seconds (success: True)[0m
[36m2025-11-20 22:23:31.224 DEBUG (MainThread) [custom_components.pp_reader.data.coordinator] Finished fetching pp_reader data in 0.002 seconds (success: True)[0m
[36m2025-11-20 22:24:31.225 DEBUG (MainThread) [custom_components.pp_reader.data.coordinator] Finished fetching pp_reader data in 0.004 seconds (success: True)[0m
[36m2025-11-20 22:25:31.222 DEBUG (MainThread) [custom_components.pp_reader.data.coordinator] Finished fetching pp_reader data in 0.002 seconds (success: True)[0m
[33m2025-11-20 22:25:50.656 WARNING (MainThread) [custom_components.pp_reader.data.event_push] Event payload for portfolio_values exceeds recorder limit (64388 > 32768 bytes). Content was compacted but will still be dropped by the recorder.[0m
[32m2025-11-20 22:25:50.660 INFO (MainThread) [custom_components.pp_reader.prices.price_service] prices_cycle symbols=93 batches=10 returned=90 changed=3 errors=0 duration=18954ms skipped_running=False[0m
[33m2025-11-20 22:25:50.662 WARNING (Recorder) [homeassistant.components.recorder.db_schema] Event data for panels_updated exceed maximum size of 32768 bytes. This can cause database performance issues; Event data will not be stored[0m
[36m2025-11-20 22:26:31.224 DEBUG (MainThread) [custom_components.pp_reader.data.coordinator] Finished fetching pp_reader data in 0.002 seconds (success: True)[0m
[36m2025-11-20 22:27:31.224 DEBUG (MainThread) [custom_components.pp_reader.data.coordinator] Finished fetching pp_reader data in 0.002 seconds (success: True)[0m
[36m2025-11-20 22:28:31.223 DEBUG (MainThread) [custom_components.pp_reader.data.coordinator] Finished fetching pp_reader data in 0.003 seconds (success: True)[0m
[36m2025-11-20 22:29:31.222 DEBUG (MainThread) [custom_components.pp_reader.data.coordinator] Finished fetching pp_reader data in 0.002 seconds (success: True)[0m
[36m2025-11-20 22:30:31.224 DEBUG (MainThread) [custom_components.pp_reader.data.coordinator] Finished fetching pp_reader data in 0.002 seconds (success: True)[0m
[36m2025-11-20 22:31:31.223 DEBUG (MainThread) [custom_components.pp_reader.data.coordinator] Finished fetching pp_reader data in 0.002 seconds (success: True)[0m
[36m2025-11-20 22:32:31.223 DEBUG (MainThread) [custom_components.pp_reader.data.coordinator] Finished fetching pp_reader data in 0.002 seconds (success: True)[0m
[36m2025-11-20 22:33:31.222 DEBUG (MainThread) [custom_components.pp_reader.data.coordinator] Finished fetching pp_reader data in 0.002 seconds (success: True)[0m
[36m2025-11-20 22:34:31.223 DEBUG (MainThread) [custom_components.pp_reader.data.coordinator] Finished fetching pp_reader data in 0.002 seconds (success: True)[0m
[36m2025-11-20 22:35:31.223 DEBUG (MainThread) [custom_components.pp_reader.data.coordinator] Finished fetching pp_reader data in 0.002 seconds (success: True)[0m
[36m2025-11-20 22:36:31.223 DEBUG (MainThread) [custom_components.pp_reader.data.coordinator] Finished fetching pp_reader data in 0.002 seconds (success: True)[0m
[36m2025-11-20 22:37:31.223 DEBUG (MainThread) [custom_components.pp_reader.data.coordinator] Finished fetching pp_reader data in 0.003 seconds (success: True)[0m
[36m2025-11-20 22:38:31.222 DEBUG (MainThread) [custom_components.pp_reader.data.coordinator] Finished fetching pp_reader data in 0.002 seconds (success: True)[0m
