2025-10-01 11:30:50.235 WARNING (SyncWorker_0) [homeassistant.loader] We found a custom integration pp_reader which has not been tested by Home Assistant. This component might cause stability problems, be sure to disable it if you experience issues with Home Assistant
2025-10-01 11:30:50.994 INFO (MainThread) [homeassistant.setup] Setting up system_log
2025-10-01 11:30:51.063 INFO (MainThread) [homeassistant.setup] Setup of domain logger took 0.08 seconds
2025-10-01 11:30:51.064 INFO (MainThread) [homeassistant.setup] Setup of domain system_log took 0.07 seconds
2025-10-01 11:30:51.064 INFO (MainThread) [homeassistant.bootstrap] Setting up frontend: {'backup', 'frontend'}
2025-10-01 11:30:51.067 INFO (MainThread) [homeassistant.setup] Setting up http
2025-10-01 11:30:51.072 INFO (MainThread) [homeassistant.setup] Setting up device_automation
2025-10-01 11:30:51.073 INFO (MainThread) [homeassistant.setup] Setup of domain device_automation took 0.00 seconds
2025-10-01 11:30:51.077 WARNING (MainThread) [aiohttp_fast_zlib] zlib_ng and isal are not available, falling back to zlib, performance will be degraded.
2025-10-01 11:30:51.083 INFO (MainThread) [homeassistant.setup] Setup of domain http took 0.02 seconds
2025-10-01 11:30:51.085 INFO (MainThread) [homeassistant.setup] Setting up websocket_api
2025-10-01 11:30:51.086 INFO (MainThread) [homeassistant.setup] Setup of domain websocket_api took 0.00 seconds
2025-10-01 11:30:51.087 INFO (MainThread) [homeassistant.setup] Setting up api
2025-10-01 11:30:51.088 INFO (MainThread) [homeassistant.setup] Setup of domain api took 0.00 seconds
2025-10-01 11:30:51.089 INFO (MainThread) [homeassistant.setup] Setting up auth
2025-10-01 11:30:51.090 INFO (MainThread) [homeassistant.setup] Setup of domain auth took 0.00 seconds
2025-10-01 11:30:51.090 INFO (MainThread) [homeassistant.setup] Setting up config
2025-10-01 11:30:51.092 INFO (MainThread) [homeassistant.setup] Setup of domain config took 0.00 seconds
2025-10-01 11:30:51.093 INFO (MainThread) [homeassistant.setup] Setting up diagnostics
2025-10-01 11:30:51.095 INFO (MainThread) [homeassistant.setup] Setup of domain diagnostics took 0.00 seconds
2025-10-01 11:30:51.095 INFO (MainThread) [homeassistant.setup] Setting up file_upload
2025-10-01 11:30:51.096 INFO (MainThread) [homeassistant.setup] Setup of domain file_upload took 0.00 seconds
2025-10-01 11:30:51.097 INFO (MainThread) [homeassistant.setup] Setting up image_upload
2025-10-01 11:30:51.099 INFO (MainThread) [homeassistant.setup] Setup of domain image_upload took 0.00 seconds
2025-10-01 11:30:51.100 INFO (MainThread) [homeassistant.setup] Setting up repairs
2025-10-01 11:30:51.100 INFO (MainThread) [homeassistant.setup] Setup of domain repairs took 0.00 seconds
2025-10-01 11:30:51.102 INFO (MainThread) [homeassistant.setup] Setting up search
2025-10-01 11:30:51.103 INFO (MainThread) [homeassistant.setup] Setup of domain search took 0.00 seconds
2025-10-01 11:30:51.104 INFO (MainThread) [homeassistant.setup] Setting up backup
2025-10-01 11:30:51.106 INFO (MainThread) [homeassistant.setup] Setting up person
2025-10-01 11:30:51.110 INFO (MainThread) [homeassistant.setup] Setup of domain backup took 0.01 seconds
2025-10-01 11:30:51.112 INFO (MainThread) [homeassistant.setup] Setup of domain person took 0.01 seconds
2025-10-01 11:30:51.113 INFO (MainThread) [homeassistant.setup] Setting up onboarding
2025-10-01 11:30:51.113 INFO (MainThread) [homeassistant.setup] Setup of domain onboarding took 0.00 seconds
2025-10-01 11:30:51.114 INFO (MainThread) [homeassistant.setup] Setting up lovelace
2025-10-01 11:30:51.116 INFO (MainThread) [homeassistant.setup] Setup of domain lovelace took 0.00 seconds
2025-10-01 11:30:51.116 INFO (MainThread) [homeassistant.setup] Setting up frontend
2025-10-01 11:30:51.120 INFO (MainThread) [homeassistant.setup] Setup of domain frontend took 0.00 seconds
2025-10-01 11:30:51.123 INFO (MainThread) [homeassistant.bootstrap] Setting up recorder: {'recorder'}
2025-10-01 11:30:51.126 INFO (MainThread) [homeassistant.setup] Setting up recorder
2025-10-01 11:30:51.129 INFO (MainThread) [asyncio] <Server sockets=(<asyncio.TransportSocket fd=11, family=2, type=1, proto=6, laddr=('0.0.0.0', 8123)>, <asyncio.TransportSocket fd=12, family=10, type=1, proto=6, laddr=('::', 8123, 0, 0)>)> is serving
2025-10-01 11:30:51.129 INFO (MainThread) [homeassistant.components.http] Now listening on port 8123
2025-10-01 11:30:51.130 INFO (MainThread) [homeassistant.setup] Setup of domain http took 0.01 seconds
2025-10-01 11:30:51.158 INFO (MainThread) [homeassistant.setup] Setup of domain recorder took 0.03 seconds
2025-10-01 11:30:51.159 INFO (MainThread) [homeassistant.bootstrap] Setting up stage 1: {'webhook', 'network', 'repairs', 'zeroconf', 'usb', 'dhcp', 'ssdp', 'websocket_api', 'auth', 'api', 'http', 'bluetooth', 'cloud'}
2025-10-01 11:30:51.161 INFO (MainThread) [homeassistant.setup] Setting up webhook
2025-10-01 11:30:51.161 INFO (MainThread) [homeassistant.setup] Setup of domain webhook took 0.00 seconds
2025-10-01 11:30:51.162 INFO (MainThread) [homeassistant.setup] Setting up network
2025-10-01 11:30:51.163 INFO (MainThread) [homeassistant.setup] Setup of domain network took 0.00 seconds
2025-10-01 11:30:51.164 INFO (MainThread) [homeassistant.setup] Setting up zeroconf
2025-10-01 11:30:51.168 INFO (MainThread) [homeassistant.components.zeroconf] Starting Zeroconf broadcast
2025-10-01 11:30:51.169 INFO (MainThread) [homeassistant.setup] Setup of domain zeroconf took 0.01 seconds
2025-10-01 11:30:51.189 INFO (MainThread) [homeassistant.setup] Setting up usb
2025-10-01 11:30:51.190 INFO (MainThread) [homeassistant.setup] Setup of domain usb took 0.00 seconds
2025-10-01 11:30:51.279 INFO (MainThread) [homeassistant.setup] Setting up dhcp
2025-10-01 11:30:51.279 INFO (MainThread) [homeassistant.setup] Setup of domain dhcp took 0.00 seconds
2025-10-01 11:30:51.318 INFO (MainThread) [homeassistant.setup] Setting up ssdp
2025-10-01 11:30:51.334 INFO (MainThread) [homeassistant.setup] Setup of domain ssdp took 0.02 seconds
2025-10-01 11:30:51.585 INFO (MainThread) [homeassistant.setup] Setting up cloud
2025-10-01 11:30:51.600 INFO (MainThread) [homeassistant.setup] Setting up ffmpeg
2025-10-01 11:30:51.609 INFO (MainThread) [homeassistant.setup] Setup of domain cloud took 0.02 seconds
2025-10-01 11:30:51.627 INFO (MainThread) [asyncio] execute program 'ffmpeg': <_UnixSubprocessTransport pid=7378 running stdin=<_UnixWritePipeTransport fd=26 idle bufsize=0> stdout=<_UnixReadPipeTransport fd=20 polling>>
2025-10-01 11:30:51.672 INFO (MainThread) [homeassistant.setup] Setting up bluetooth
2025-10-01 11:30:51.700 INFO (MainThread) [homeassistant.setup] Setup of domain bluetooth took 0.03 seconds
2025-10-01 11:30:51.705 INFO (MainThread) [homeassistant.bootstrap] Setting up stage 2: {'automation', 'input_text', 'input_select', 'camera', 'person', 'met', 'media_source', 'schedule', 'sun', 'stream', 'go2rtc', 'file_upload', 'zone', 'default_config', 'input_button', 'stt', 'config', 'tag', 'energy', 'search', 'hardware', 'script', 'my', 'logbook', 'pp_reader', 'input_datetime', 'onboarding', 'google_translate', 'analytics', 'diagnostics', 'counter', 'device_automation', 'assist_pipeline', 'homeassistant_alerts', 'input_boolean', 'system_health', 'conversation', 'timer', 'trace', 'mobile_app', 'wake_word', 'shopping_list', 'lovelace', 'ffmpeg', 'image_upload', 'scene', 'intent', 'history', 'radio_browser', 'blueprint', 'tts', 'application_credentials', 'input_number'}
2025-10-01 11:30:51.708 INFO (MainThread) [homeassistant.setup] Setting up camera
2025-10-01 11:30:51.713 INFO (MainThread) [homeassistant.setup] Setup of domain camera took 0.01 seconds
2025-10-01 11:30:51.717 INFO (MainThread) [homeassistant.setup] Setting up intent
2025-10-01 11:30:51.718 INFO (MainThread) [homeassistant.setup] Setup of domain intent took 0.00 seconds
2025-10-01 11:30:51.720 INFO (MainThread) [homeassistant.setup] Setting up conversation
2025-10-01 11:30:51.722 INFO (MainThread) [homeassistant.setup] Setup of domain conversation took 0.00 seconds
2025-10-01 11:30:51.723 INFO (MainThread) [homeassistant.setup] Setting up wake_word
2025-10-01 11:30:51.723 INFO (MainThread) [homeassistant.setup] Setup of domain wake_word took 0.00 seconds
2025-10-01 11:30:51.724 INFO (MainThread) [homeassistant.setup] Setting up scene
2025-10-01 11:30:51.728 INFO (MainThread) [homeassistant.setup] Setup of domain scene took 0.00 seconds
2025-10-01 11:30:51.729 INFO (MainThread) [homeassistant.setup] Setting up stt
2025-10-01 11:30:51.730 INFO (MainThread) [homeassistant.setup] Setup of domain stt took 0.00 seconds
2025-10-01 11:30:51.731 INFO (MainThread) [homeassistant.setup] Setting up blueprint
2025-10-01 11:30:51.731 INFO (MainThread) [homeassistant.setup] Setup of domain blueprint took 0.00 seconds
2025-10-01 11:30:51.732 INFO (MainThread) [homeassistant.setup] Setting up trace
2025-10-01 11:30:51.733 INFO (MainThread) [homeassistant.setup] Setup of domain trace took 0.00 seconds
2025-10-01 11:30:51.734 INFO (MainThread) [homeassistant.setup] Setting up automation
2025-10-01 11:30:51.737 INFO (MainThread) [homeassistant.setup] Setup of domain automation took 0.00 seconds
2025-10-01 11:30:51.740 INFO (MainThread) [homeassistant.setup] Setting up input_select
2025-10-01 11:30:51.743 INFO (MainThread) [homeassistant.setup] Setup of domain input_select took 0.00 seconds
2025-10-01 11:30:51.744 INFO (MainThread) [homeassistant.setup] Setting up input_boolean
2025-10-01 11:30:51.746 INFO (MainThread) [homeassistant.setup] Setup of domain input_boolean took 0.00 seconds
2025-10-01 11:30:51.747 INFO (MainThread) [homeassistant.setup] Setting up system_health
2025-10-01 11:30:51.749 INFO (MainThread) [homeassistant.setup] Setup of domain system_health took 0.00 seconds
2025-10-01 11:30:51.752 INFO (MainThread) [homeassistant.setup] Setting up timer
2025-10-01 11:30:51.754 INFO (MainThread) [homeassistant.setup] Setup of domain timer took 0.00 seconds
2025-10-01 11:30:51.756 INFO (MainThread) [homeassistant.setup] Setting up media_source
2025-10-01 11:30:51.760 INFO (MainThread) [homeassistant.setup] Setup of domain media_source took 0.00 seconds
2025-10-01 11:30:51.767 INFO (MainThread) [homeassistant.setup] Setting up stream
2025-10-01 11:30:51.789 INFO (MainThread) [homeassistant.setup] Setting up zone
2025-10-01 11:30:51.804 INFO (MainThread) [homeassistant.setup] Setup of domain zone took 0.02 seconds
2025-10-01 11:30:51.815 INFO (MainThread) [homeassistant.setup] Setting up history
2025-10-01 11:30:51.816 INFO (MainThread) [homeassistant.setup] Setup of domain history took 0.00 seconds
2025-10-01 11:30:51.826 INFO (MainThread) [homeassistant.setup] Setting up logbook
2025-10-01 11:30:51.838 INFO (MainThread) [homeassistant.setup] Setup of domain logbook took 0.01 seconds
2025-10-01 11:30:51.883 INFO (MainThread) [homeassistant.setup] Setting up input_button
2025-10-01 11:30:51.896 INFO (MainThread) [homeassistant.setup] Setup of domain input_button took 0.01 seconds
2025-10-01 11:30:51.899 INFO (MainThread) [homeassistant.setup] Setting up input_number
2025-10-01 11:30:51.902 INFO (MainThread) [homeassistant.setup] Setup of domain input_number took 0.00 seconds
2025-10-01 11:30:51.912 INFO (MainThread) [homeassistant.setup] Setting up script
2025-10-01 11:30:51.917 INFO (MainThread) [homeassistant.setup] Setup of domain script took 0.00 seconds
2025-10-01 11:30:51.971 WARNING (MainThread) [asyncio] Executing <Task pending name='Task-1' coro=<setup_and_run_hass() running at /home/vscode/.local/lib/python3.13/site-packages/homeassistant/runner.py:122> wait_for=<_GatheringFuture pending cb=[Task.task_wakeup()] created at /usr/local/lib/python3.13/asyncio/tasks.py:765> cb=[_run_until_complete_cb() at /usr/local/lib/python3.13/asyncio/base_events.py:181] created at /usr/local/lib/python3.13/asyncio/tasks.py:748> took 0.269 seconds
2025-10-01 11:30:51.981 INFO (MainThread) [homeassistant.components.scene] Setting up homeassistant.scene
2025-10-01 11:30:51.985 INFO (MainThread) [homeassistant.setup] Setting up input_text
2025-10-01 11:30:51.993 INFO (MainThread) [homeassistant.setup] Setup of domain input_text took 0.01 seconds
2025-10-01 11:30:51.995 INFO (MainThread) [homeassistant.setup] Setting up met
2025-10-01 11:30:51.995 INFO (MainThread) [homeassistant.setup] Setup of domain met took 0.00 seconds
2025-10-01 11:30:52.006 INFO (MainThread) [homeassistant.setup] Setting up schedule
2025-10-01 11:30:52.014 INFO (MainThread) [homeassistant.setup] Setup of domain schedule took 0.01 seconds
2025-10-01 11:30:52.015 INFO (MainThread) [homeassistant.setup] Setting up sun
2025-10-01 11:30:52.016 INFO (MainThread) [homeassistant.setup] Setup of domain sun took 0.00 seconds
2025-10-01 11:30:52.035 INFO (MainThread) [homeassistant.setup] Setting up sensor
2025-10-01 11:30:52.037 INFO (MainThread) [homeassistant.setup] Setup of domain sensor took 0.00 seconds
2025-10-01 11:30:52.039 INFO (MainThread) [homeassistant.components.sensor] Setting up sun.sensor
2025-10-01 11:30:52.049 INFO (MainThread) [homeassistant.setup] Setting up tag
2025-10-01 11:30:52.060 INFO (MainThread) [homeassistant.setup] Setup of domain tag took 0.01 seconds
2025-10-01 11:30:52.061 INFO (MainThread) [homeassistant.setup] Setting up shopping_list
2025-10-01 11:30:52.062 INFO (MainThread) [homeassistant.setup] Setup of domain shopping_list took 0.00 seconds
2025-10-01 11:30:52.069 INFO (MainThread) [homeassistant.setup] Setup of domain stream took 0.30 seconds
2025-10-01 11:30:52.076 INFO (MainThread) [homeassistant.setup] Setting up go2rtc
2025-10-01 11:30:52.079 INFO (MainThread) [homeassistant.setup] Setting up energy
2025-10-01 11:30:52.086 INFO (MainThread) [homeassistant.setup] Setup of domain energy took 0.01 seconds
2025-10-01 11:30:52.088 INFO (MainThread) [homeassistant.setup] Setting up homeassistant_alerts
2025-10-01 11:30:52.089 INFO (MainThread) [homeassistant.setup] Setup of domain homeassistant_alerts took 0.00 seconds
2025-10-01 11:30:52.090 INFO (MainThread) [homeassistant.setup] Setting up my
2025-10-01 11:30:52.092 INFO (MainThread) [homeassistant.setup] Setup of domain my took 0.00 seconds
2025-10-01 11:30:52.093 INFO (MainThread) [homeassistant.setup] Setting up radio_browser
2025-10-01 11:30:52.094 INFO (MainThread) [homeassistant.setup] Setup of domain radio_browser took 0.00 seconds
2025-10-01 11:30:52.096 INFO (MainThread) [asyncio] <_UnixSubprocessTransport pid=7378 running stdin=<_UnixWritePipeTransport closed fd=26 closed> stdout=<_UnixReadPipeTransport fd=20 polling>> exited with return code 0
2025-10-01 11:30:52.097 INFO (MainThread) [asyncio] <_UnixReadPipeTransport fd=20 polling> was closed by peer
2025-10-01 11:30:52.101 INFO (MainThread) [homeassistant.setup] Setting up hardware
2025-10-01 11:30:52.109 INFO (MainThread) [homeassistant.setup] Setting up pp_reader
2025-10-01 11:30:52.115 INFO (MainThread) [homeassistant.setup] Setting up input_datetime
2025-10-01 11:30:52.121 INFO (MainThread) [homeassistant.setup] Setup of domain input_datetime took 0.01 seconds
2025-10-01 11:30:52.122 ERROR (MainThread) [homeassistant.components.go2rtc] Could not find go2rtc docker binary
2025-10-01 11:30:52.122 ERROR (MainThread) [homeassistant.setup] Setup failed for 'go2rtc': Integration failed to initialize.
2025-10-01 11:30:52.122 INFO (MainThread) [homeassistant.setup] Setup of domain go2rtc took 0.05 seconds
2025-10-01 11:30:52.124 INFO (MainThread) [homeassistant.setup] Setting up google_translate
2025-10-01 11:30:52.125 INFO (MainThread) [homeassistant.setup] Setup of domain google_translate took 0.00 seconds
2025-10-01 11:30:52.131 INFO (MainThread) [homeassistant.setup] Setting up counter
2025-10-01 11:30:52.136 INFO (MainThread) [homeassistant.setup] Setup of domain counter took 0.00 seconds
2025-10-01 11:30:52.137 INFO (MainThread) [homeassistant.setup] Setting up application_credentials
2025-10-01 11:30:52.140 INFO (MainThread) [homeassistant.setup] Setup of domain application_credentials took 0.00 seconds
2025-10-01 11:30:52.145 INFO (MainThread) [homeassistant.components.sensor] Setting up energy.sensor
2025-10-01 11:30:52.161 INFO (MainThread) [homeassistant.setup] Setup of domain pp_reader took 0.05 seconds
2025-10-01 11:30:52.162 INFO (MainThread) [custom_components.pp_reader] 📁 Initialisiere Datenbank falls notwendig: /config/pp_reader_data/S-Depot.db
2025-10-01 11:30:52.167 INFO (MainThread) [custom_components.pp_reader.data.db_init] 📦 Datenbank erfolgreich initialisiert: /config/pp_reader_data/S-Depot.db
2025-10-01 11:30:52.168 INFO (MainThread) [custom_components.pp_reader] Preis-Debug Option=OFF (globale Logger-Konfiguration kann DEBUG-Ausgaben dennoch anzeigen) effective={'custom_components.pp_reader.prices': 'INFO', 'custom_components.pp_reader.prices.price_service': 'INFO', 'custom_components.pp_reader.prices.yahooquery_provider': 'INFO', 'custom_components.pp_reader.prices.revaluation': 'INFO', 'custom_components.pp_reader.prices.symbols': 'INFO', 'custom_components.pp_reader.prices.provider_base': 'INFO'}
2025-10-01 11:30:52.172 INFO (MainThread) [homeassistant.setup] Setup of domain hardware took 0.07 seconds
2025-10-01 11:30:52.178 INFO (MainThread) [homeassistant.setup] Setup of domain ffmpeg took 0.58 seconds
2025-10-01 11:30:52.181 INFO (MainThread) [homeassistant.setup] Setting up mobile_app
2025-10-01 11:30:52.183 INFO (MainThread) [homeassistant.setup] Setting up notify
2025-10-01 11:30:52.185 INFO (MainThread) [homeassistant.setup] Setup of domain notify took 0.00 seconds
2025-10-01 11:30:52.186 INFO (MainThread) [homeassistant.setup] Setup of domain mobile_app took 0.00 seconds
2025-10-01 11:30:52.187 INFO (MainThread) [homeassistant.setup] Setting up todo
2025-10-01 11:30:52.188 INFO (MainThread) [homeassistant.setup] Setup of domain todo took 0.00 seconds
2025-10-01 11:30:52.190 INFO (MainThread) [homeassistant.components.todo] Setting up shopping_list.todo
2025-10-01 11:30:52.206 INFO (MainThread) [homeassistant.components.notify] Setting up notify.mobile_app
2025-10-01 11:30:52.208 INFO (MainThread) [homeassistant.setup] Setting up tts
2025-10-01 11:30:52.209 INFO (MainThread) [homeassistant.setup] Setting up analytics
2025-10-01 11:30:52.210 INFO (MainThread) [homeassistant.setup] Setup of domain analytics took 0.00 seconds
2025-10-01 11:30:52.219 INFO (MainThread) [homeassistant.setup] Setup of domain tts took 0.01 seconds
2025-10-01 11:30:52.221 INFO (MainThread) [homeassistant.components.tts] Setting up google_translate.tts
2025-10-01 11:30:52.224 INFO (MainThread) [homeassistant.setup] Setting up assist_pipeline
2025-10-01 11:30:52.227 INFO (MainThread) [homeassistant.setup] Setup of domain assist_pipeline took 0.00 seconds
2025-10-01 11:30:52.230 ERROR (MainThread) [homeassistant.setup] Unable to set up dependencies of 'default_config'. Setup failed for dependencies: ['go2rtc']
2025-10-01 11:30:52.230 ERROR (MainThread) [homeassistant.setup] Setup failed for 'default_config': Could not setup dependencies: go2rtc
2025-10-01 11:30:52.250 INFO (MainThread) [homeassistant.components.sensor] Setting up pp_reader.sensor
2025-10-01 11:30:52.256 INFO (MainThread) [custom_components.pp_reader.prices.price_service] prices_cycle: Keine aktiven Symbole gefunden - Preis-Service wartet (einmaliges Log)
2025-10-01 11:30:52.256 INFO (MainThread) [custom_components.pp_reader.prices.price_service] prices_cycle: Skip - keine Symbole vorhanden (kein Fetch ausgeführt)
2025-10-01 11:30:52.257 INFO (MainThread) [custom_components.pp_reader] ✅ Custom Panel 'ppreader' registriert (cache_bust=20251001113052, entry_id=01K6FR7D88ZFYD6MHSYRW1ZDXF)
2025-10-01 11:30:52.325 INFO (MainThread) [homeassistant.setup] Setting up weather
2025-10-01 11:30:52.326 INFO (MainThread) [homeassistant.setup] Setup of domain weather took 0.00 seconds
2025-10-01 11:30:52.327 INFO (MainThread) [homeassistant.components.weather] Setting up met.weather
2025-10-01 11:30:52.333 INFO (MainThread) [homeassistant.bootstrap] Home Assistant initialized in 2.10s
2025-10-01 11:30:52.333 INFO (MainThread) [homeassistant.core] Starting Home Assistant
2025-10-01 11:30:52.372 INFO (MainThread) [custom_components.pp_reader.data.backup_db] ✅ Backup-Service registriert: pp_reader.trigger_backup_debug
2025-10-01 11:30:52.572 WARNING (MainThread) [asyncio] Executing <Task pending name='Task-1' coro=<setup_and_run_hass() running at /home/vscode/.local/lib/python3.13/site-packages/homeassistant/runner.py:130> wait_for=<Future pending cb=[Task.task_wakeup()] created at /usr/local/lib/python3.13/asyncio/base_events.py:459> cb=[_run_until_complete_cb() at /usr/local/lib/python3.13/asyncio/base_events.py:181] created at /usr/local/lib/python3.13/asyncio/tasks.py:748> took 0.235 seconds
2025-10-01 11:30:52.623 INFO (MainThread) [asyncio] <Server sockets=(<asyncio.TransportSocket fd=28, family=2, type=1, proto=6, laddr=('172.17.0.2', 40000)>,)> is serving
